<?xml version="1.0" encoding="UTF-8"?>
<!-- Generated by org.testng.reporters.JUnitXMLReporter -->
<testsuite ignored="0" hostname="XEL011018721" failures="0" tests="5" name="Default test" time="0.094" errors="0" timestamp="13 Mar 2019 06:19:24 GMT">
  <testcase classname="com.vj.Practice.MavenInfinite.Excelsheet.XLRW" name="Settlement" time="0.015"/>
  <testcase classname="com.vj.Practice.MavenInfinite.Excelsheet.XLRW" name="Settlement" time="0.0"/>
  <testcase classname="com.vj.Practice.MavenInfinite.Excelsheet.XLRW" name="Settlement" time="0.016"/>
  <testcase classname="com.vj.Practice.MavenInfinite.Excelsheet.XLRW" name="Settlement" time="0.0"/>
  <testcase classname="com.vj.Practice.MavenInfinite.Excelsheet.XLRW" name="Settlement" time="0.0"/>
</testsuite> <!-- Default test -->
