<?xml version="1.0" encoding="UTF-8"?>
<testng-results ignored="0" total="1" passed="1" failed="0" skipped="0">
  <reporter-output>
  </reporter-output>
  <suite started-at="2018-02-25T06:29:06Z" name="Default suite" finished-at="2018-02-25T06:29:16Z" duration-ms="9220">
    <groups>
    </groups>
    <test started-at="2018-02-25T06:29:06Z" name="Default test" finished-at="2018-02-25T06:29:16Z" duration-ms="9220">
      <class name="vjPrograms.BasicPgms.ScreenshotEg">
        <test-method signature="OpenBrowser()[pri:0, instance:vjPrograms.BasicPgms.ScreenshotEg@1e66f1f5]" started-at="2018-02-25T11:59:06Z" name="OpenBrowser" finished-at="2018-02-25T11:59:16Z" duration-ms="9193" status="PASS">
          <reporter-output>
          </reporter-output>
        </test-method> <!-- OpenBrowser -->
      </class> <!-- vjPrograms.BasicPgms.ScreenshotEg -->
    </test> <!-- Default test -->
  </suite> <!-- Default suite -->
</testng-results>
