<?xml version="1.0" encoding="UTF-8"?>
<!-- Generated by org.testng.reporters.JUnitXMLReporter -->
<testsuite ignored="0" hostname="XEL011018721" failures="0" tests="3" name="Default test" time="0.125" errors="0" timestamp="05 Mar 2019 03:58:16 GMT">
  <testcase classname="com.k2js.Excellearning.Excelpractice.XLRW4" name="VerifyRegisterPage" time="0.016"/>
  <testcase classname="com.k2js.Excellearning.Excelpractice.XLRW4" name="VerifyRegisterPage" time="0.0"/>
  <testcase classname="com.k2js.Excellearning.Excelpractice.XLRW4" name="VerifyRegisterPage" time="0.0"/>
</testsuite> <!-- Default test -->
